This file contains any messages produced by compilers while
running configure, to aid debugging if configure makes a mistake.

It was created by moloch configure 0.14.2, which was
generated by GNU Autoconf 2.69.  Invocation command line was

  $ ./configure --prefix=/data/moloch --with-libpcap=/home/meo/moloch-0.14.2-spsc/thirdparty/libpcap-1.7.4 --with-libp0f=/home/meo/moloch-0.14.2-spsc/thirdparty/p0f --with-curlwrapper=/home/meo/moloch-0.14.2-spsc/thirdparty/curl_wrapper/src --with-libripmime=/home/meo/moloch-0.14.2-spsc/thirdparty/ripmime --with-yara=thirdparty/yara-1.7 --with-GeoIP=thirdparty/GeoIP-1.6.0 --with-glib2=thirdparty/glib-2.47.4 --with-curl=thirdparty/curl-7.42.1

## --------- ##
## Platform. ##
## --------- ##

hostname = ubuntu
uname -m = x86_64
uname -r = 3.13.0-95-generic
uname -s = Linux
uname -v = #142-Ubuntu SMP Fri Aug 12 17:00:09 UTC 2016

/usr/bin/uname -p = unknown
/bin/uname -X     = unknown

/bin/arch              = unknown
/usr/bin/arch -k       = unknown
/usr/convex/getsysinfo = unknown
/usr/bin/hostinfo      = unknown
/bin/machine           = unknown
/usr/bin/oslevel       = unknown
/bin/universe          = unknown

PATH: /usr/local/sbin
PATH: /usr/local/bin
PATH: /usr/sbin
PATH: /usr/bin
PATH: /sbin
PATH: /bin


## ----------- ##
## Core tests. ##
## ----------- ##

configure:1970: checking for a BSD-compatible install
configure:2038: result: /usr/bin/install -c
configure:2049: checking whether build environment is sane
configure:2086: result: yes
configure:2148: checking for gawk
configure:2178: result: no
configure:2148: checking for mawk
configure:2164: found /usr/bin/mawk
configure:2175: result: mawk
configure:2186: checking whether make sets $(MAKE)
configure:2208: result: yes
configure:2434: checking for gcc
configure:2450: found /usr/bin/gcc
configure:2461: result: gcc
configure:2690: checking for C compiler version
configure:2699: gcc --version >&5
gcc (Ubuntu 4.8.4-2ubuntu1~14.04.3) 4.8.4
Copyright (C) 2013 Free Software Foundation, Inc.
This is free software; see the source for copying conditions.  There is NO
warranty; not even for MERCHANTABILITY or FITNESS FOR A PARTICULAR PURPOSE.

configure:2710: $? = 0
configure:2699: gcc -v >&5
Using built-in specs.
COLLECT_GCC=gcc
COLLECT_LTO_WRAPPER=/usr/lib/gcc/x86_64-linux-gnu/4.8/lto-wrapper
Target: x86_64-linux-gnu
Configured with: ../src/configure -v --with-pkgversion='Ubuntu 4.8.4-2ubuntu1~14.04.3' --with-bugurl=file:///usr/share/doc/gcc-4.8/README.Bugs --enable-languages=c,c++,java,go,d,fortran,objc,obj-c++ --prefix=/usr --program-suffix=-4.8 --enable-shared --enable-linker-build-id --libexecdir=/usr/lib --without-included-gettext --enable-threads=posix --with-gxx-include-dir=/usr/include/c++/4.8 --libdir=/usr/lib --enable-nls --with-sysroot=/ --enable-clocale=gnu --enable-libstdcxx-debug --enable-libstdcxx-time=yes --enable-gnu-unique-object --disable-libmudflap --enable-plugin --with-system-zlib --disable-browser-plugin --enable-java-awt=gtk --enable-gtk-cairo --with-java-home=/usr/lib/jvm/java-1.5.0-gcj-4.8-amd64/jre --enable-java-home --with-jvm-root-dir=/usr/lib/jvm/java-1.5.0-gcj-4.8-amd64 --with-jvm-jar-dir=/usr/lib/jvm-exports/java-1.5.0-gcj-4.8-amd64 --with-arch-directory=amd64 --with-ecj-jar=/usr/share/java/eclipse-ecj.jar --enable-objc-gc --enable-multiarch --disable-werror --with-arch-32=i686 --with-abi=m64 --with-multilib-list=m32,m64,mx32 --with-tune=generic --enable-checking=release --build=x86_64-linux-gnu --host=x86_64-linux-gnu --target=x86_64-linux-gnu
Thread model: posix
gcc version 4.8.4 (Ubuntu 4.8.4-2ubuntu1~14.04.3) 
configure:2710: $? = 0
configure:2699: gcc -V >&5
gcc: error: unrecognized command line option '-V'
gcc: fatal error: no input files
compilation terminated.
configure:2710: $? = 4
configure:2699: gcc -qversion >&5
gcc: error: unrecognized command line option '-qversion'
gcc: fatal error: no input files
compilation terminated.
configure:2710: $? = 4
configure:2730: checking whether the C compiler works
configure:2752: gcc    conftest.c  >&5
configure:2756: $? = 0
configure:2804: result: yes
configure:2807: checking for C compiler default output file name
configure:2809: result: a.out
configure:2815: checking for suffix of executables
configure:2822: gcc -o conftest    conftest.c  >&5
configure:2826: $? = 0
configure:2848: result: 
configure:2870: checking whether we are cross compiling
configure:2878: gcc -o conftest    conftest.c  >&5
configure:2882: $? = 0
configure:2889: ./conftest
configure:2893: $? = 0
configure:2908: result: no
configure:2913: checking for suffix of object files
configure:2935: gcc -c   conftest.c >&5
configure:2939: $? = 0
configure:2960: result: o
configure:2964: checking whether we are using the GNU C compiler
configure:2983: gcc -c   conftest.c >&5
configure:2983: $? = 0
configure:2992: result: yes
configure:3001: checking whether gcc accepts -g
configure:3021: gcc -c -g  conftest.c >&5
configure:3021: $? = 0
configure:3062: result: yes
configure:3079: checking for gcc option to accept ISO C89
configure:3142: gcc  -c -g -O2  conftest.c >&5
configure:3142: $? = 0
configure:3155: result: none needed
configure:3186: checking for style of include used by make
configure:3214: result: GNU
configure:3242: checking dependency style of gcc
configure:3332: result: none
configure:3407: checking for g++
configure:3423: found /usr/bin/g++
configure:3434: result: g++
configure:3461: checking for C++ compiler version
configure:3470: g++ --version >&5
g++ (Ubuntu 4.8.4-2ubuntu1~14.04.3) 4.8.4
Copyright (C) 2013 Free Software Foundation, Inc.
This is free software; see the source for copying conditions.  There is NO
warranty; not even for MERCHANTABILITY or FITNESS FOR A PARTICULAR PURPOSE.

configure:3481: $? = 0
configure:3470: g++ -v >&5
Using built-in specs.
COLLECT_GCC=g++
COLLECT_LTO_WRAPPER=/usr/lib/gcc/x86_64-linux-gnu/4.8/lto-wrapper
Target: x86_64-linux-gnu
Configured with: ../src/configure -v --with-pkgversion='Ubuntu 4.8.4-2ubuntu1~14.04.3' --with-bugurl=file:///usr/share/doc/gcc-4.8/README.Bugs --enable-languages=c,c++,java,go,d,fortran,objc,obj-c++ --prefix=/usr --program-suffix=-4.8 --enable-shared --enable-linker-build-id --libexecdir=/usr/lib --without-included-gettext --enable-threads=posix --with-gxx-include-dir=/usr/include/c++/4.8 --libdir=/usr/lib --enable-nls --with-sysroot=/ --enable-clocale=gnu --enable-libstdcxx-debug --enable-libstdcxx-time=yes --enable-gnu-unique-object --disable-libmudflap --enable-plugin --with-system-zlib --disable-browser-plugin --enable-java-awt=gtk --enable-gtk-cairo --with-java-home=/usr/lib/jvm/java-1.5.0-gcj-4.8-amd64/jre --enable-java-home --with-jvm-root-dir=/usr/lib/jvm/java-1.5.0-gcj-4.8-amd64 --with-jvm-jar-dir=/usr/lib/jvm-exports/java-1.5.0-gcj-4.8-amd64 --with-arch-directory=amd64 --with-ecj-jar=/usr/share/java/eclipse-ecj.jar --enable-objc-gc --enable-multiarch --disable-werror --with-arch-32=i686 --with-abi=m64 --with-multilib-list=m32,m64,mx32 --with-tune=generic --enable-checking=release --build=x86_64-linux-gnu --host=x86_64-linux-gnu --target=x86_64-linux-gnu
Thread model: posix
gcc version 4.8.4 (Ubuntu 4.8.4-2ubuntu1~14.04.3) 
configure:3481: $? = 0
configure:3470: g++ -V >&5
g++: error: unrecognized command line option '-V'
g++: fatal error: no input files
compilation terminated.
configure:3481: $? = 4
configure:3470: g++ -qversion >&5
g++: error: unrecognized command line option '-qversion'
g++: fatal error: no input files
compilation terminated.
configure:3481: $? = 4
configure:3485: checking whether we are using the GNU C++ compiler
configure:3504: g++ -c   conftest.cpp >&5
configure:3504: $? = 0
configure:3513: result: yes
configure:3522: checking whether g++ accepts -g
configure:3542: g++ -c -g  conftest.cpp >&5
configure:3542: $? = 0
configure:3583: result: yes
configure:3608: checking dependency style of g++
configure:3698: result: none
configure:3722: checking for main in -lpcre
configure:3741: gcc -o conftest -g -O2   conftest.c -lpcre   >&5
configure:3741: $? = 0
configure:3750: result: yes
configure:3763: checking for main in -luuid
configure:3782: gcc -o conftest -g -O2   conftest.c -luuid  -lpcre  >&5
configure:3782: $? = 0
configure:3791: result: yes
configure:3804: checking for main in -lmagic
configure:3823: gcc -o conftest -g -O2   conftest.c -lmagic  -luuid -lpcre  >&5
configure:3823: $? = 0
configure:3832: result: yes
configure:3845: checking for main in -lrt
configure:3864: gcc -o conftest -g -O2   conftest.c -lrt  -lmagic -luuid -lpcre  >&5
configure:3864: $? = 0
configure:3873: result: yes
configure:3884: checking for main in -lnet
configure:3903: gcc -o conftest -g -O2   conftest.c -lnet  -lrt -lmagic -luuid -lpcre  >&5
/usr/bin/ld: cannot find -lnet
collect2: error: ld returned 1 exit status
configure:3903: $? = 1
configure: failed program was:
| /* confdefs.h */
| #define PACKAGE_NAME "moloch"
| #define PACKAGE_TARNAME "moloch"
| #define PACKAGE_VERSION "0.14.2"
| #define PACKAGE_STRING "moloch 0.14.2"
| #define PACKAGE_BUGREPORT ""
| #define PACKAGE_URL ""
| #define PACKAGE "moloch"
| #define VERSION "0.14.2"
| #define HAVE_LIBPCRE 1
| #define HAVE_LIBUUID 1
| #define HAVE_LIBMAGIC 1
| #define HAVE_LIBRT 1
| /* end confdefs.h.  */
| 
| 
| int
| main ()
| {
| return main ();
|   ;
|   return 0;
| }
configure:3912: result: no
configure:3924: checking for main in -ldl
configure:3943: gcc -o conftest -g -O2   conftest.c -ldl  -lrt -lmagic -luuid -lpcre  >&5
configure:3943: $? = 0
configure:3952: result: yes
configure:3959: checking for main in -lresolv
configure:3978: gcc -o conftest -g -O2   conftest.c -lresolv  -lrt -lmagic -luuid -lpcre  >&5
configure:3978: $? = 0
configure:3987: result: yes
configure:3999: checking build system type
configure:4013: result: x86_64-unknown-linux-gnu
configure:4033: checking host system type
configure:4046: result: x86_64-unknown-linux-gnu
configure:4080: checking for pfring
configure:4132: result: no
configure:4137: checking for libpcap
configure:4148: result: /home/meo/moloch-0.14.2-spsc/thirdparty/libpcap-1.7.4
configure:4232: checking for nl_socket_alloc in -lnl-3
configure:4257: gcc -o conftest -g -O2   conftest.c -lnl-3  -lrt -lmagic -luuid -lpcre  >&5
/usr/bin/ld: cannot find -lnl-3
collect2: error: ld returned 1 exit status
configure:4257: $? = 1
configure: failed program was:
| /* confdefs.h */
| #define PACKAGE_NAME "moloch"
| #define PACKAGE_TARNAME "moloch"
| #define PACKAGE_VERSION "0.14.2"
| #define PACKAGE_STRING "moloch 0.14.2"
| #define PACKAGE_BUGREPORT ""
| #define PACKAGE_URL ""
| #define PACKAGE "moloch"
| #define VERSION "0.14.2"
| #define HAVE_LIBPCRE 1
| #define HAVE_LIBUUID 1
| #define HAVE_LIBMAGIC 1
| #define HAVE_LIBRT 1
| /* end confdefs.h.  */
| 
| /* Override any GCC internal prototype to avoid an error.
|    Use char because int might match the return type of a GCC
|    builtin and then its argument prototype would still apply.  */
| #ifdef __cplusplus
| extern "C"
| #endif
| char nl_socket_alloc ();
| int
| main ()
| {
| return nl_socket_alloc ();
|   ;
|   return 0;
| }
configure:4266: result: no
configure:4283: checking for nl_socket_alloc in -lnl
configure:4308: gcc -o conftest -g -O2   conftest.c -lnl  -lrt -lmagic -luuid -lpcre  >&5
/usr/bin/ld: cannot find -lnl
collect2: error: ld returned 1 exit status
configure:4308: $? = 1
configure: failed program was:
| /* confdefs.h */
| #define PACKAGE_NAME "moloch"
| #define PACKAGE_TARNAME "moloch"
| #define PACKAGE_VERSION "0.14.2"
| #define PACKAGE_STRING "moloch 0.14.2"
| #define PACKAGE_BUGREPORT ""
| #define PACKAGE_URL ""
| #define PACKAGE "moloch"
| #define VERSION "0.14.2"
| #define HAVE_LIBPCRE 1
| #define HAVE_LIBUUID 1
| #define HAVE_LIBMAGIC 1
| #define HAVE_LIBRT 1
| /* end confdefs.h.  */
| 
| /* Override any GCC internal prototype to avoid an error.
|    Use char because int might match the return type of a GCC
|    builtin and then its argument prototype would still apply.  */
| #ifdef __cplusplus
| extern "C"
| #endif
| char nl_socket_alloc ();
| int
| main ()
| {
| return nl_socket_alloc ();
|   ;
|   return 0;
| }
configure:4317: result: no
configure:4335: checking for nl_handle_alloc in -lnl
configure:4360: gcc -o conftest -g -O2   conftest.c -lnl  -lrt -lmagic -luuid -lpcre  >&5
/usr/bin/ld: cannot find -lnl
collect2: error: ld returned 1 exit status
configure:4360: $? = 1
configure: failed program was:
| /* confdefs.h */
| #define PACKAGE_NAME "moloch"
| #define PACKAGE_TARNAME "moloch"
| #define PACKAGE_VERSION "0.14.2"
| #define PACKAGE_STRING "moloch 0.14.2"
| #define PACKAGE_BUGREPORT ""
| #define PACKAGE_URL ""
| #define PACKAGE "moloch"
| #define VERSION "0.14.2"
| #define HAVE_LIBPCRE 1
| #define HAVE_LIBUUID 1
| #define HAVE_LIBMAGIC 1
| #define HAVE_LIBRT 1
| /* end confdefs.h.  */
| 
| /* Override any GCC internal prototype to avoid an error.
|    Use char because int might match the return type of a GCC
|    builtin and then its argument prototype would still apply.  */
| #ifdef __cplusplus
| extern "C"
| #endif
| char nl_handle_alloc ();
| int
| main ()
| {
| return nl_handle_alloc ();
|   ;
|   return 0;
| }
configure:4369: result: no
configure:4397: checking for yara
configure:4408: result: thirdparty/yara-1.7
configure:4483: checking for GeoIP
configure:4494: result: thirdparty/GeoIP-1.6.0
configure:4561: checking for glib2
configure:4572: result: thirdparty/glib-2.47.4
configure:4598: checking for curl
configure:4652: result: thirdparty/curl-7.42.1
configure:4686: checking for lua
configure:4759: result: yes
configure:4766: checking for p0f
configure:4785: checking for ripmime
configure:4804: checking for curl_wrapper
configure:4949: creating ./config.status

## ---------------------- ##
## Running config.status. ##
## ---------------------- ##

This file was extended by moloch config.status 0.14.2, which was
generated by GNU Autoconf 2.69.  Invocation command line was

  CONFIG_FILES    = 
  CONFIG_HEADERS  = 
  CONFIG_LINKS    = 
  CONFIG_COMMANDS = 
  $ ./config.status 

on ubuntu

config.status:883: creating Makefile
config.status:883: creating capture/Makefile
config.status:883: creating capture/plugins/Makefile
config.status:883: creating capture/plugins/daq/Makefile
config.status:883: creating capture/plugins/pfring/Makefile
config.status:883: creating capture/plugins/lua/Makefile
config.status:883: creating capture/parsers/Makefile
config.status:883: creating db/Makefile
config.status:883: creating tests/plugins/Makefile
config.status:883: creating viewer/Makefile
config.status:883: creating viewer/version.js
config.status:883: creating capture/molochconfig.h
config.status:1058: capture/molochconfig.h is unchanged
config.status:1105: executing depfiles commands

## ---------------- ##
## Cache variables. ##
## ---------------- ##

ac_cv_build=x86_64-unknown-linux-gnu
ac_cv_c_compiler_gnu=yes
ac_cv_cxx_compiler_gnu=yes
ac_cv_env_CCC_set=
ac_cv_env_CCC_value=
ac_cv_env_CC_set=
ac_cv_env_CC_value=
ac_cv_env_CFLAGS_set=
ac_cv_env_CFLAGS_value=
ac_cv_env_CPPFLAGS_set=
ac_cv_env_CPPFLAGS_value=
ac_cv_env_CXXFLAGS_set=
ac_cv_env_CXXFLAGS_value=
ac_cv_env_CXX_set=
ac_cv_env_CXX_value=
ac_cv_env_LDFLAGS_set=
ac_cv_env_LDFLAGS_value=
ac_cv_env_LIBS_set=
ac_cv_env_LIBS_value=
ac_cv_env_build_alias_set=
ac_cv_env_build_alias_value=
ac_cv_env_host_alias_set=
ac_cv_env_host_alias_value=
ac_cv_env_target_alias_set=
ac_cv_env_target_alias_value=
ac_cv_host=x86_64-unknown-linux-gnu
ac_cv_lib_dl_main=yes
ac_cv_lib_magic_main=yes
ac_cv_lib_net_main=no
ac_cv_lib_nl_3_nl_socket_alloc=no
ac_cv_lib_nl_nl_handle_alloc=no
ac_cv_lib_nl_nl_socket_alloc=no
ac_cv_lib_pcre_main=yes
ac_cv_lib_resolv_main=yes
ac_cv_lib_rt_main=yes
ac_cv_lib_uuid_main=yes
ac_cv_objext=o
ac_cv_path_install='/usr/bin/install -c'
ac_cv_prog_AWK=mawk
ac_cv_prog_ac_ct_CC=gcc
ac_cv_prog_ac_ct_CXX=g++
ac_cv_prog_cc_c89=
ac_cv_prog_cc_g=yes
ac_cv_prog_cxx_g=yes
ac_cv_prog_make_make_set=yes
am_cv_CC_dependencies_compiler_type=none
am_cv_CXX_dependencies_compiler_type=none

## ----------------- ##
## Output variables. ##
## ----------------- ##

ACLOCAL='${SHELL} /home/meo/moloch-0.14.2-spsc/missing --run aclocal-1.9'
AMDEPBACKSLASH='\'
AMDEP_FALSE='#'
AMDEP_TRUE=''
AMTAR='${SHELL} /home/meo/moloch-0.14.2-spsc/missing --run tar'
AUTOCONF='${SHELL} /home/meo/moloch-0.14.2-spsc/missing --run autoconf'
AUTOHEADER='${SHELL} /home/meo/moloch-0.14.2-spsc/missing --run autoheader'
AUTOMAKE='${SHELL} /home/meo/moloch-0.14.2-spsc/missing --run automake-1.9'
AWK='mawk'
CC='gcc'
CCDEPMODE='depmode=none'
CFLAGS='-g -O2'
CPPFLAGS=''
CURL_CFLAGS='-I/home/meo/moloch-0.14.2-spsc/thirdparty/curl-7.42.1/include'
CURL_LIBS='/home/meo/moloch-0.14.2-spsc/thirdparty/curl-7.42.1/lib/.libs/libcurl.a'
CURL_WRAPPER_CFLAGS='-I/home/meo/moloch-0.14.2-spsc/thirdparty/curl_wrapper/src'
CURL_WRAPPER_LIBS='/home/meo/moloch-0.14.2-spsc/thirdparty/curl_wrapper/src/curl_wrapper.o'
CXX='g++'
CXXDEPMODE='depmode=none'
CXXFLAGS='-g -O2'
CYGPATH_W='echo'
DEFS='-DHAVE_CONFIG_H'
DEPDIR='.deps'
DL_LIB='-ldl'
ECHO_C=''
ECHO_N='-n'
ECHO_T=''
EXEEXT=''
GEOIP_CFLAGS='-I/home/meo/moloch-0.14.2-spsc/thirdparty/GeoIP-1.6.0/libGeoIP'
GEOIP_LIBS='/home/meo/moloch-0.14.2-spsc/thirdparty/GeoIP-1.6.0/libGeoIP/.libs/libGeoIP.a'
GLIB2_CFLAGS='-I/home/meo/moloch-0.14.2-spsc/thirdparty/glib-2.47.4/glib -I/home/meo/moloch-0.14.2-spsc/thirdparty/glib-2.47.4 -I/home/meo/moloch-0.14.2-spsc/thirdparty/glib-2.47.4/gmodule -I/home/meo/moloch-0.14.2-spsc/thirdparty/glib-2.47.4/gobject'
GLIB2_LIBS='/home/meo/moloch-0.14.2-spsc/thirdparty/glib-2.47.4/glib/.libs/libglib-2.0.a /home/meo/moloch-0.14.2-spsc/thirdparty/glib-2.47.4/gio/.libs/libgio-2.0.a /home/meo/moloch-0.14.2-spsc/thirdparty/glib-2.47.4/gobject/.libs/libgobject-2.0.a /home/meo/moloch-0.14.2-spsc/thirdparty/glib-2.47.4/gthread/.libs/libgthread-2.0.a /home/meo/moloch-0.14.2-spsc/thirdparty/glib-2.47.4/gmodule/.libs/libgmodule-2.0.a /home/meo/moloch-0.14.2-spsc/thirdparty/glib-2.47.4/glib/.libs/libglib-2.0.a'
INSTALL_DATA='${INSTALL} -m 644'
INSTALL_PROGRAM='${INSTALL}'
INSTALL_SCRIPT='${INSTALL}'
INSTALL_STRIP_PROGRAM='${SHELL} $(install_sh) -c -s'
LDFLAGS=''
LIBOBJS=''
LIBS='-lrt -lmagic -luuid -lpcre '
LTLIBOBJS=''
LUA_CFLAGS=''
LUA_LIBS='-llua'
MAKEINFO='${SHELL} /home/meo/moloch-0.14.2-spsc/missing --run makeinfo'
OBJEXT='o'
P0F_CFLAGS='-I/home/meo/moloch-0.14.2-spsc/thirdparty/p0f'
P0F_LIBS='/home/meo/moloch-0.14.2-spsc/thirdparty/p0f/libp0f.a'
PACKAGE='moloch'
PACKAGE_BUGREPORT=''
PACKAGE_NAME='moloch'
PACKAGE_STRING='moloch 0.14.2'
PACKAGE_TARNAME='moloch'
PACKAGE_URL=''
PACKAGE_VERSION='0.14.2'
PATH_SEPARATOR=':'
PCAP_CFLAGS='-I/home/meo/moloch-0.14.2-spsc/thirdparty/libpcap-1.7.4'
PCAP_LIBS='/home/meo/moloch-0.14.2-spsc/thirdparty/libpcap-1.7.4/libpcap.a'
RESOLV_LIB='-lresolv'
RIPMIME_CFLAGS='-I/home/meo/moloch-0.14.2-spsc/thirdparty/ripmime'
RIPMIME_LIBS='/home/meo/moloch-0.14.2-spsc/thirdparty/ripmime/libripmime.a'
SET_MAKE=''
SHARED_FLAGS='--shared'
SHELL='/bin/bash'
STRIP=''
UNDEFINED_FLAGS='-u g_checksum_update -u g_hmac_update'
VERSION='0.14.2'
YARA_CFLAGS='-I/home/meo/moloch-0.14.2-spsc/thirdparty/yara-1.7/libyara'
YARA_LIBS='/home/meo/moloch-0.14.2-spsc/thirdparty/yara-1.7/libyara/.libs/libyara.a'
ac_ct_CC='gcc'
ac_ct_CXX='g++'
am__fastdepCC_FALSE=''
am__fastdepCC_TRUE='#'
am__fastdepCXX_FALSE=''
am__fastdepCXX_TRUE='#'
am__include='include'
am__leading_dot='.'
am__quote=''
am__tar='${AMTAR} chof - "$$tardir"'
am__untar='${AMTAR} xf -'
bindir='${exec_prefix}/bin'
build='x86_64-unknown-linux-gnu'
build_alias=''
build_cpu='x86_64'
build_os='linux-gnu'
build_vendor='unknown'
datadir='${datarootdir}'
datarootdir='${prefix}/share'
docdir='${datarootdir}/doc/${PACKAGE_TARNAME}'
dvidir='${docdir}'
exec_prefix='${prefix}'
host='x86_64-unknown-linux-gnu'
host_alias=''
host_cpu='x86_64'
host_os='linux-gnu'
host_vendor='unknown'
htmldir='${docdir}'
includedir='${prefix}/include'
infodir='${datarootdir}/info'
install_sh='/home/meo/moloch-0.14.2-spsc/install-sh'
libdir='${exec_prefix}/lib'
libexecdir='${exec_prefix}/libexec'
localedir='${datarootdir}/locale'
localstatedir='${prefix}/var'
mandir='${datarootdir}/man'
mkdir_p='mkdir -p --'
oldincludedir='/usr/include'
pdfdir='${docdir}'
prefix='/data/moloch'
program_transform_name='s,x,x,'
psdir='${docdir}'
sbindir='${exec_prefix}/sbin'
sharedstatedir='${prefix}/com'
sysconfdir='${prefix}/etc'
target_alias=''

## ----------- ##
## confdefs.h. ##
## ----------- ##

/* confdefs.h */
#define PACKAGE_NAME "moloch"
#define PACKAGE_TARNAME "moloch"
#define PACKAGE_VERSION "0.14.2"
#define PACKAGE_STRING "moloch 0.14.2"
#define PACKAGE_BUGREPORT ""
#define PACKAGE_URL ""
#define PACKAGE "moloch"
#define VERSION "0.14.2"
#define HAVE_LIBPCRE 1
#define HAVE_LIBUUID 1
#define HAVE_LIBMAGIC 1
#define HAVE_LIBRT 1

configure: exit 0
